
> client@0.0.0 build
> vite build

[36mvite v5.4.20 [32mbuilding for production...[36m[39m
transforming...
[32mÔ£ô[39m 28 modules transformed.
node.exe : 
[31mx[39m Build 
failed in 258ms
En C:\Program Files\n
odejs\npm.ps1: 29 
Carácter: 3
+   & $NODE_EXE 
$NPM_CLI_JS $args
+   ~~~~~~~~~~~~~~~~~
~~~~~~~~~~~~
    + CategoryInfo   
           : 
NotSpecified: (    
[31mx[39m Build 
fail    ed in 
258ms:String) [    
], RemoteException
    + 
FullyQualifiedError  
  Id : 
NativeCommandErr    
or
 
[31merror during 
build:
[31m[vite-plugin-pwa
:build] [plugin vite-
plugin-pwa:build] src
/pages/pos/POS.jsx 
(6:2): There was an 
error during the 
build:
  Transform failed 
with 4 errors:
C:/Users/Waskar/Deskt
op/RG/RG/RG/client/sr
c/pages/pos/POS.jsx:6
:2: ERROR: The 
symbol 
"FaFileInvoice" has 
already been declared
C:/Users/Waskar/Deskt
op/RG/RG/RG/client/sr
c/pages/pos/POS.jsx:6
:17: ERROR: The 
symbol 
"FaMoneyBillWave" 
has already been 
declared
C:/Users/Waskar/Deskt
op/RG/RG/RG/client/sr
c/pages/pos/POS.jsx:6
:34: ERROR: The 
symbol "FaArrowDown" 
has already been 
declared
C:/Users/Waskar/Deskt
op/RG/RG/RG/client/sr
c/pages/pos/POS.jsx:6
:47: ERROR: The 
symbol "FaArrowUp" 
has already been 
declared
Additionally, 
handling the error 
in the 'buildEnd' 
hook caused the 
following error:
  Transform failed 
with 4 errors:
C:/Users/Waskar/Deskt
op/RG/RG/RG/client/sr
c/pages/pos/POS.jsx:6
:2: ERROR: The 
symbol 
"FaFileInvoice" has 
already been declared
C:/Users/Waskar/Deskt
op/RG/RG/RG/client/sr
c/pages/pos/POS.jsx:6
:17: ERROR: The 
symbol 
"FaMoneyBillWave" 
has already been 
declared
C:/Users/Waskar/Deskt
op/RG/RG/RG/client/sr
c/pages/pos/POS.jsx:6
:34: ERROR: The 
symbol "FaArrowDown" 
has already been 
declared
C:/Users/Waskar/Deskt
op/RG/RG/RG/client/sr
c/pages/pos/POS.jsx:6
:47: ERROR: The 
symbol "FaArrowUp" 
has already been 
declared[31m
file: [36mC:/Users/W
askar/Desktop/RG/RG/R
G/client/src/pages/po
s/POS.jsx:6:2[31m
[33m
[33mThe symbol 
"FaFileInvoice" has 
already been 
declared[33m
4  |    FaHistory, 
FaSync, FaKeyboard, 
FaTimes,
5  |    
FaFileInvoice, 
FaMoneyBillWave, 
FaArrowDown, 
FaArrowUp,
6  |    
FaFileInvoice, 
FaMoneyBillWave, 
FaArrowDown, 
FaArrowUp,
   |    ^
7  |    
FaPercentage, FaTag, 
FaEdit, FaPencilAlt
8  |  } from 
'react-icons/fa';

[33mThe symbol 
"FaMoneyBillWave" 
has already been 
declared[33m
4  |    FaHistory, 
FaSync, FaKeyboard, 
FaTimes,
5  |    
FaFileInvoice, 
FaMoneyBillWave, 
FaArrowDown, 
FaArrowUp,
6  |    
FaFileInvoice, 
FaMoneyBillWave, 
FaArrowDown, 
FaArrowUp,
   |                 
  ^
7  |    
FaPercentage, FaTag, 
FaEdit, FaPencilAlt
8  |  } from 
'react-icons/fa';

[33mThe symbol 
"FaArrowDown" has 
already been 
declared[33m
4  |    FaHistory, 
FaSync, FaKeyboard, 
FaTimes,
5  |    
FaFileInvoice, 
FaMoneyBillWave, 
FaArrowDown, 
FaArrowUp,
6  |    
FaFileInvoice, 
FaMoneyBillWave, 
FaArrowDown, 
FaArrowUp,
   |                 
                   ^
7  |    
FaPercentage, FaTag, 
FaEdit, FaPencilAlt
8  |  } from 
'react-icons/fa';

[33mThe symbol 
"FaArrowUp" has 
already been 
declared[33m
4  |    FaHistory, 
FaSync, FaKeyboard, 
FaTimes,
5  |    
FaFileInvoice, 
FaMoneyBillWave, 
FaArrowDown, 
FaArrowUp,
6  |    
FaFileInvoice, 
FaMoneyBillWave, 
FaArrowDown, 
FaArrowUp,
   |                 
                     
           ^
7  |    
FaPercentage, FaTag, 
FaEdit, FaPencilAlt
8  |  } from 
'react-icons/fa';
[31m
    at 
getRollupError (file:
///C:/Users/Waskar/De
sktop/RG/RG/RG/client
/node_modules/rollup/
dist/es/shared/parseA
st.js:401:41)
    at file:///C:/Use
rs/Waskar/Desktop/RG/
RG/RG/client/node_mod
ules/rollup/dist/es/s
hared/node-entry.js:2
3321:39
    at process.proces
sTicksAndRejections (
node:internal/process
/task_queues:105:5)
    at async catchUnf
inishedHookActions (f
ile:///C:/Users/Waska
r/Desktop/RG/RG/RG/cl
ient/node_modules/rol
lup/dist/es/shared/no
de-entry.js:22779:16)
    at async 
rollupInternal (file:
///C:/Users/Waskar/De
sktop/RG/RG/RG/client
/node_modules/rollup/
dist/es/shared/node-e
ntry.js:23304:5)
    at async build (f
ile:///C:/Users/Waska
r/Desktop/RG/RG/RG/cl
ient/node_modules/vit
e/dist/node/chunks/de
p-D_zLpgQd.js:65708:1
4)
    at async 
CAC.<anonymous> (file
:///C:/Users/Waskar/D
esktop/RG/RG/RG/clien
t/node_modules/vite/d
ist/node/cli.js:829:5
)[39m
