
> client@0.0.0 build
> vite build

[36mvite v5.4.20 [32mbuilding for production...[36m[39m
transforming...
[32mÔ£ô[39m 61 modules transformed.
node.exe : 
[31mx[39m Build 
failed in 685ms
En C:\Program Files\n
odejs\npm.ps1: 29 
Carácter: 3
+   & $NODE_EXE 
$NPM_CLI_JS $args
+   ~~~~~~~~~~~~~~~~~
~~~~~~~~~~~~
    + CategoryInfo   
           : NotSpe  
  cified: ([31mx   
 [39m Build faile    
d in 685ms:Strin    
g) [], RemoteExc    
eption
    + FullyQualified 
   ErrorId : Native  
  CommandError
 
[31merror during 
build:
[31m[vite-plugin-pwa
:build] [plugin vite-
plugin-pwa:build] 
There was an error 
during the build:
  [vite]: Rollup 
failed to resolve 
import "jspdf" from "
C:/Users/Waskar/Deskt
op/RG/RG/RG/client/sr
c/pages/pos/component
s/ProformaEmpleadoMod
al.jsx".
This is most likely 
unintended because 
it can break your 
application at 
runtime.
If you do want to 
externalize this 
module explicitly 
add it to
`build.rollupOptions.
external`
Additionally, 
handling the error 
in the 'buildEnd' 
hook caused the 
following error:
  [vite]: Rollup 
failed to resolve 
import "jspdf" from "
C:/Users/Waskar/Deskt
op/RG/RG/RG/client/sr
c/pages/pos/component
s/ProformaEmpleadoMod
al.jsx".
This is most likely 
unintended because 
it can break your 
application at 
runtime.
If you do want to 
externalize this 
module explicitly 
add it to
`build.rollupOptions.
external`[31m
    at 
getRollupError (file:
///C:/Users/Waskar/De
sktop/RG/RG/RG/client
/node_modules/rollup/
dist/es/shared/parseA
st.js:401:41)
    at file:///C:/Use
rs/Waskar/Desktop/RG/
RG/RG/client/node_mod
ules/rollup/dist/es/s
hared/node-entry.js:2
3321:39
    at async catchUnf
inishedHookActions (f
ile:///C:/Users/Waska
r/Desktop/RG/RG/RG/cl
ient/node_modules/rol
lup/dist/es/shared/no
de-entry.js:22779:16)
    at async 
rollupInternal (file:
///C:/Users/Waskar/De
sktop/RG/RG/RG/client
/node_modules/rollup/
dist/es/shared/node-e
ntry.js:23304:5)
    at async build (f
ile:///C:/Users/Waska
r/Desktop/RG/RG/RG/cl
ient/node_modules/vit
e/dist/node/chunks/de
p-D_zLpgQd.js:65708:1
4)
    at async 
CAC.<anonymous> (file
:///C:/Users/Waskar/D
esktop/RG/RG/RG/clien
t/node_modules/vite/d
ist/node/cli.js:829:5
)[39m
