
> client@0.0.0 build
> vite build

[36mvite v5.4.20 [32mbuilding for production...[36m[39m
transforming...
src/pages/pos/POS.jsx (174:28): "getEmpleados" is not exported by "src/service/api.js", imported by "src/pages/pos/POS.jsx".
[32m✓[39m 957 modules transformed.
[31mx[39m Build failed in 2.13s
[31merror during build:
[31m[vite-plugin-pwa:build] There was an error during the build:
  src/pages/Empleados.jsx (6:7): "default" is not exported by "src/service/api.js", imported by "src/pages/Empleados.jsx".
Additionally, handling the error in the 'buildEnd' hook caused the following error:
  src/pages/Empleados.jsx (6:7): "default" is not exported by "src/service/api.js", imported by "src/pages/Empleados.jsx".[31m
file: [36mC:/Users/Waskar/Desktop/RG/RG/RG/client/src/pages/Empleados.jsx:6:7[31m
[33m
4: import { Link } from 'react-router-dom';
5: import toast from 'react-hot-toast';
6: import api from '../service/api';
          ^
7: 
8: const BackIcon = () => (
[31m
    at getRollupError (file:///C:/Users/Waskar/Desktop/RG/RG/RG/client/node_modules/rollup/dist/es/shared/parseAst.js:401:41)
    at file:///C:/Users/Waskar/Desktop/RG/RG/RG/client/node_modules/rollup/dist/es/shared/node-entry.js:23321:39
    at async catchUnfinishedHookActions (file:///C:/Users/Waskar/Desktop/RG/RG/RG/client/node_modules/rollup/dist/es/shared/node-entry.js:22779:16)
    at async rollupInternal (file:///C:/Users/Waskar/Desktop/RG/RG/RG/client/node_modules/rollup/dist/es/shared/node-entry.js:23304:5)
    at async build (file:///C:/Users/Waskar/Desktop/RG/RG/RG/client/node_modules/vite/dist/node/chunks/dep-D_zLpgQd.js:65708:14)
    at async CAC.<anonymous> (file:///C:/Users/Waskar/Desktop/RG/RG/RG/client/node_modules/vite/dist/node/cli.js:829:5)[39m
